<?xml version="1.0" encoding="UTF-8"?>
<!-- Generated by org.testng.reporters.JUnitReportReporter -->
<testsuite skipped="0" hostname="LAPTOP-2SUCPHE7" name="CrossBrowserTesting.CrossBrowserTesting.VerifyTitle" tests="2" failures="0" timestamp="02 Jun 2020 09:33:29 GMT" time="25.061" errors="0">
  <testcase name="verifyPageTitle" time="9.826" classname="CrossBrowserTesting.CrossBrowserTesting.VerifyTitle"/>
  <testcase name="verifyPageTitle" time="15.235" classname="CrossBrowserTesting.CrossBrowserTesting.VerifyTitle"/>
</testsuite> <!-- CrossBrowserTesting.CrossBrowserTesting.VerifyTitle -->
