<?xml version="1.0" encoding="UTF-8"?>
<!-- Generated by org.testng.reporters.JUnitReportReporter -->
<testsuite skipped="0" hostname="LAPTOP-2SUCPHE7" name="CrossBrowserTesting.CrossBrowserTesting.VerifyTitle" tests="2" failures="0" timestamp="02 Jun 2020 10:17:35 GMT" time="37.496" errors="0">
  <testcase name="verifyPageTitle" time="26.622" classname="CrossBrowserTesting.CrossBrowserTesting.VerifyTitle"/>
  <testcase name="verifyPageTitle" time="10.874" classname="CrossBrowserTesting.CrossBrowserTesting.VerifyTitle"/>
</testsuite> <!-- CrossBrowserTesting.CrossBrowserTesting.VerifyTitle -->
